<?xml version="1.0" encoding="UTF-8" ?>
<testsuite tests="22" failures="0" name="BDDjunitpack1.TestRunner" time="0.022" errors="0" skipped="0">
  <properties>
[...]
</properties>
  <testcase classname="Scenario: Appropriate error message is displayed while user provide invalid email id and password" name="Given User is one the SauceLabs Login Page on URL &quot;https://saucelabs.com/beta/login&quot;" time="0.01"/>
  <testcase classname="Scenario: Appropriate error message is displayed while user provide invalid email id and password" name="Then User must be able to see &quot;New&quot; Text" time="0"/>
  <testcase classname="Scenario: Appropriate error message is displayed while user provide invalid email id and password" name="When User provide Username with &quot;test1@gmail.com&quot;" time="0"/>
  <testcase classname="Scenario: Appropriate error message is displayed while user provide invalid email id and password" name="And User provice Password with &quot;test1password&quot;" time="0.001"/>
  <testcase classname="Scenario: Appropriate error message is displayed while user provide invalid email id and password" name="And User click on Login Button" time="0"/>
  <testcase classname="Scenario: Appropriate error message is displayed while user provide invalid email id and password" name="Then I should see the &quot;Invalid username or password&quot; error message" time="0"/>
  <testcase classname="Scenario: Appropriate error message is displayed while user provide invalid email id and password" name="And I should be on SauceLabs Login Page with Title &quot;Sauce Labs | Login&quot;" time="0"/>
  <testcase classname="Scenario: Appropriate error message is displayed while user provide invalid email id and password" name="Scenario: Appropriate error message is displayed while user provide invalid email id and password" time="0.001"/>
  <testcase classname="| test2@gmail.com | testajsdhb | Invalid username or password |" name="Given User is one the SauceLabs Login Page on URL &quot;https://saucelabs.com/beta/login&quot;" time="0"/>
  <testcase classname="| test2@gmail.com | testajsdhb | Invalid username or password |" name="Then User must be able to see &quot;New&quot; Text" time="0"/>
  <testcase classname="| test2@gmail.com | testajsdhb | Invalid username or password |" name="When I provide Username with &quot;test2@gmail.com&quot;" time="0"/>
  <testcase classname="| test2@gmail.com | testajsdhb | Invalid username or password |" name="And I provide Password with &quot;testajsdhb&quot;" time="0"/>
  <testcase classname="| test2@gmail.com | testajsdhb | Invalid username or password |" name="And I click on Login Button" time="0"/>
  <testcase classname="| test2@gmail.com | testajsdhb | Invalid username or password |" name="Then I should view the &quot;Invalid username or password&quot; message" time="0.005"/>
  <testcase classname="| test2@gmail.com | testajsdhb | Invalid username or password |" name="| test2@gmail.com | testajsdhb | Invalid username or password |" time="0.005"/>
  <testcase classname="| test3@gmail.com | est2kjnkdf | Invalid username or password |" name="Given User is one the SauceLabs Login Page on URL &quot;https://saucelabs.com/beta/login&quot;" time="0"/>
  <testcase classname="| test3@gmail.com | est2kjnkdf | Invalid username or password |" name="Then User must be able to see &quot;New&quot; Text" time="0"/>
  <testcase classname="| test3@gmail.com | est2kjnkdf | Invalid username or password |" name="When I provide Username with &quot;test3@gmail.com&quot;" time="0"/>
  <testcase classname="| test3@gmail.com | est2kjnkdf | Invalid username or password |" name="And I provide Password with &quot;est2kjnkdf&quot;" time="0"/>
  <testcase classname="| test3@gmail.com | est2kjnkdf | Invalid username or password |" name="And I click on Login Button" time="0"/>
  <testcase classname="| test3@gmail.com | est2kjnkdf | Invalid username or password |" name="Then I should view the &quot;Invalid username or password&quot; message" time="0"/>
  <testcase classname="| test3@gmail.com | est2kjnkdf | Invalid username or password |" name="| test3@gmail.com | est2kjnkdf | Invalid username or password |" time="0"/>
</testsuite>